82981
123355
123358
123339
123444
123426
123440
123335
123359
123343
123252
123329
123345
123291
123261
123265
123280
123348
123351
123278
123351
123267
123280
123253
123241
123194
123189
123199
123233
123239
123251
123246
123258
123258
123233
123242
123234
123257
123246
123265
123282
123276
123289
123283
123252
123266
123268
123286
123264
123252
123178
123095
123102
123188
123188
123234
123260
123258
123254
123250
123185
123184
123194
123185
123236
123251
123232
123246
123260
123267
123246
123276
123272
123294
123247
123102
123089
123083
123078
123196
123188
123175
123091
123103
123179
123094
123175
123099
123196
123174
123100
123176
123189
123195
123194
123191
123191
123192
123036
123014
123016
123031
123022
123033
123075
123073
123097
123074
123032
123032
123086
123083
123098
123072
123103
123082
123087
123088
123093
123083
123086
123039
122978
122928
122977
122998
123037
123024
122996
123073
123011
123039
123037
123036
123092
123085
123090
123073
123075
123084
123103
123080
123169
123083
123073
122978
122923
122932
122937
122984
123018
122992
123005
122990
122988
122986
123021
123009
123032
123035
123016
123029
123082
123036
123033
123029
123094
123033
123006
122919
122830
122912
122935
122981
122996
122991
122996
122978
123000
123017
123026
123019
123013
123010
123028
123019
123039
123073
123038
123023
123039
123025
123029
122989
122837
122934
122927
122916
122979
122976
122998
122981
122983
123004
122997
123006
122979
123008
123026
123025
123028
123076
123030
123089
123088
123029
123001
122929
122916
122936
122942
123006
122978
123025
123015
123021
123084
123021
123022
123094
123023
123075
123036
123075
123014
123076
123035
123081
123077
123081
123027
122989
122980
122918
122943
123002
122929
123001
123010
123000
123032
122998
123032
123014
123016
123016
123031
123025
123077
123087
123073
123030
123012
123078
123080
123015
122996
122936
122922
122992
122991
123005
122986
123010
123011
123017
123074
123021
123073
123027
123016
123035
123028
123017
123034
123003
123032
123009
123011
123019
123021
122928
122917
122838
122931
122991
122992
122987
122984
122986
122977
122989
122977
122987
122987
122999
122989
122984
122979
122984
123007
122999
122991
123009
123024
122986
122922
122820
122846
122924
122917
122922
122918
122983
122937
122913
122927
122979
122992
122938
122976
122991
123006
122987
122995
122995
123007
123032
123039
123024
123000
122831
122832
122842
122925
122912
122932
122979
122998
123000
122943
122926
123000
122981
122993
123002
123005
123000
122994
123001
122996
122991
122997
123001
122830
122839
122783
122764
122834
122824
122844
122820
122914
122837
122842
122924
122938
122918
122938
122919
122929
122929
122845
122932
122978
122936
122928
122983
122817
122765
122821
122836
122847
122934
122930
122933
122913
122979
122977
122983
122984
122977
122939
122942
122999
122982
122980
122980
123000
122980
122993
122926
122824
122782
122829
122835
122831
122942
122922
122920
122913
122939
122931
122979
122990
123000
122994
122991
123004
123001
122988
122985
122995
123005
122976
122943
122838
122845
122918
122928
122928
122976
122980
122942
122994
122980
123000
122988
123004
122983
122943
122983
122937
123003
122995
122927
122992
122983
122919
122835
122830
122819
122837
122836
122836
122832
122825
122822
122846
122913
122925
122921
122926
122923
122843
122842
122844
122915
122925
122925
122917
122847
122836
122762
122781
122833
122821
122842
122846
122834
122841
122914
122929
122846
122936
122943
122920
122943
122934
122984
122930
122917
122994
123001
122916
122832
122779
122834
122816
122841
122942
122931
122982
122980
122998
122978
122940
123000
123005
123025
123019
123018
123015
123031
123024
123014
123010
123004
122941
122921
122941
122931
122980
122999
122985
122982
122987
123002
122983
122992
122986
123003
123025
123038
123018
123088
123101
123090
123101
123031
123029
122990
122842
122987
122983
123010
122980
123011
123010
123019
123020
123074
123102
123082
123036
123089
123081
123103
123085
123097
123179
123181
123183
123080
123030
123015
123090
123083
123173
123169
123168
123172
123179
123188
123174
123196
123188
123244
123238
123174
123181
123188
123192
123181
123188
123099
123095
123031
123003
123010
123009
123073
123091
123170
123079
123090
123072
123074
123171
123176
123197
123169
123190
123182
123179
123199
123176
123185
123182
123091
123173
123039
123024
123011
123023
123024
123087
123023
123028
123093
123089
123025
123039
123037
123098
123085
123093
123081
123084
123092
123084
123087
123073
123017
123007
122933
122979
122995
122991
123021
123020
123024
123033
123039
123082
123077
123038
123076
123086
123086
123090
123093
123085
123095
123100
123072
123093
123019
122979
122991
122980
122994
122977
122996
123011
123019
122991
122990
123022
123034
123024
123013
123026
123029
123034
123025
123035
123027
123077
123078
123080
122991
122931
122940
122929
122999
123009
123012
123024
123026
123008
123015
123015
123029
123034
123023
123020
123012
123023
123019
123010
123017
123025
123006
122978
122845
122842
122932
122929
122928
122934
122920
122923
122934
122934
122993
122919
122979
122980
122979
122979
122979
122995
122990
123004
122992
122932
122840
122782
122821
122824
122833
122925
122934
122927
122925
122933
122941
122925
122915
122920
122920
122943
122920
122941
122925
122980
122929
122927
122837
122756
122741
122756
122752
122760
122769
122822
122819
122843
122830
122837
122819
122826
122919
122818
122838
122819
122912
122836
122912
122918
122929
122846
122757
122728
122730
122751
122726
122750
122751
122770
122773
122783
122753
122818
122783
122760
122777
122771
122817
122818
122818
122761
122758
122773
122780
122723
122580
122663
122677
122663
122740
122729
122734
122720
122733
122746
122768
122764
122752
122776
122753
122748
122774
122781
122782
122753
122744
122674
122589
122589
122671
122681
122659
122686
122751
122747
122746
122762
122775
122783
122760
122759
122761
122769
122765
122772
122780
122765
122776
122756
122740
122658
122581
122588
122679
122682
122742
122733
122731
122741
122746
122778
122839
122913
122831
122836
122831
122923
122918
122995
122990
122936
122929
122976
122978
122827
122721
122734
122741
122728
122723
122751
122748
122744
122721
122726
122740
122760
122746
122754
122755
122777
122823
122938
122935
122842
122822
122816
122822
122781
122763
122761
122827
122831
122920
123002
123019
123073
123017
123009
122982
123014
123016
123010
123039
123016
123006
122999
122977
122926
122772
122767
122844
122936
122990
123001
122990
122933
122837
122917
122913
122930
123003
123178
123281
123279
123234
123090
123075
123022
123019
123099
123079
123026
122988
122935
122943
122977
123031
123039
123169
123074
123014
123020
123000
122998
123006
123004
123027
123007
123009
123031
123019
123022
123006
122825
122764
122832
122831
122921
122929
122976
122940
122997
122977
122984
123006
123005
123016
123004
123010
122979
123005
122992
122997
122933
122822
122747
122753
122777
122782
122823
122934
122913
122913
122925
122828
122837
122929
